\BOOKMARK [0][-]{chapter.1}{\376\377\0001\000\040\000B\000F\000I\000T}{}% 1
\BOOKMARK [0][-]{chapter.2}{\376\377\0002\000\040\000C\000l\000a\000s\000s\000\040\000I\000n\000d\000e\000x}{}% 2
\BOOKMARK [1][-]{section.2.1}{\376\377\0002\000.\0001\000\040\000C\000l\000a\000s\000s\000\040\000L\000i\000s\000t}{chapter.2}% 3
\BOOKMARK [0][-]{chapter.3}{\376\377\0003\000\040\000F\000i\000l\000e\000\040\000I\000n\000d\000e\000x}{}% 4
\BOOKMARK [1][-]{section.3.1}{\376\377\0003\000.\0001\000\040\000F\000i\000l\000e\000\040\000L\000i\000s\000t}{chapter.3}% 5
\BOOKMARK [0][-]{chapter.4}{\376\377\0004\000\040\000C\000l\000a\000s\000s\000\040\000D\000o\000c\000u\000m\000e\000n\000t\000a\000t\000i\000o\000n}{}% 6
\BOOKMARK [1][-]{section.4.1}{\376\377\0004\000.\0001\000\040\000i\000n\000v\000e\000n\000t\000o\000r\000y\000\040\000S\000t\000r\000u\000c\000t\000\040\000R\000e\000f\000e\000r\000e\000n\000c\000e}{chapter.4}% 7
\BOOKMARK [2][-]{subsection.4.1.1}{\376\377\0004\000.\0001\000.\0001\000\040\000D\000e\000t\000a\000i\000l\000e\000d\000\040\000D\000e\000s\000c\000r\000i\000p\000t\000i\000o\000n}{section.4.1}% 8
\BOOKMARK [2][-]{subsection.4.1.2}{\376\377\0004\000.\0001\000.\0002\000\040\000M\000e\000m\000b\000e\000r\000\040\000D\000a\000t\000a\000\040\000D\000o\000c\000u\000m\000e\000n\000t\000a\000t\000i\000o\000n}{section.4.1}% 9
\BOOKMARK [3][-]{subsubsection.4.1.2.1}{\376\377\0004\000.\0001\000.\0002\000.\0001\000\040\000n\000u\000m\000b\000e\000r\000\137\000o\000f\000\137\000p\000r\000o\000d\000u\000c\000t\000s\000\137\000s\000t\000o\000c\000k\000e\000d}{subsection.4.1.2}% 10
\BOOKMARK [3][-]{subsubsection.4.1.2.2}{\376\377\0004\000.\0001\000.\0002\000.\0002\000\040\000p\000r\000o\000d\000u\000c\000t\000s\000\137\000i\000n\000\137\000i\000n\000v\000e\000n\000t\000o\000r\000y}{subsection.4.1.2}% 11
\BOOKMARK [3][-]{subsubsection.4.1.2.3}{\376\377\0004\000.\0001\000.\0002\000.\0003\000\040\000r\000o\000o\000m\000\137\000n\000u\000m\000b\000e\000r}{subsection.4.1.2}% 12
\BOOKMARK [1][-]{section.4.2}{\376\377\0004\000.\0002\000\040\000p\000r\000o\000d\000u\000c\000t\000\040\000S\000t\000r\000u\000c\000t\000\040\000R\000e\000f\000e\000r\000e\000n\000c\000e}{chapter.4}% 13
\BOOKMARK [2][-]{subsection.4.2.1}{\376\377\0004\000.\0002\000.\0001\000\040\000D\000e\000t\000a\000i\000l\000e\000d\000\040\000D\000e\000s\000c\000r\000i\000p\000t\000i\000o\000n}{section.4.2}% 14
\BOOKMARK [2][-]{subsection.4.2.2}{\376\377\0004\000.\0002\000.\0002\000\040\000M\000e\000m\000b\000e\000r\000\040\000D\000a\000t\000a\000\040\000D\000o\000c\000u\000m\000e\000n\000t\000a\000t\000i\000o\000n}{section.4.2}% 15
\BOOKMARK [3][-]{subsubsection.4.2.2.1}{\376\377\0004\000.\0002\000.\0002\000.\0001\000\040\000b\000e\000v\000e\000r\000a\000g\000e\000\137\000v\000a\000r\000i\000a\000n\000t}{subsection.4.2.2}% 16
\BOOKMARK [3][-]{subsubsection.4.2.2.2}{\376\377\0004\000.\0002\000.\0002\000.\0002\000\040\000n\000a\000m\000e}{subsection.4.2.2}% 17
\BOOKMARK [3][-]{subsubsection.4.2.2.3}{\376\377\0004\000.\0002\000.\0002\000.\0003\000\040\000p\000r\000i\000c\000e}{subsection.4.2.2}% 18
\BOOKMARK [3][-]{subsubsection.4.2.2.4}{\376\377\0004\000.\0002\000.\0002\000.\0004\000\040\000w\000e\000i\000g\000h\000t}{subsection.4.2.2}% 19
\BOOKMARK [1][-]{section.4.3}{\376\377\0004\000.\0003\000\040\000p\000r\000o\000d\000u\000c\000t\000s\000\137\000s\000t\000o\000c\000k\000e\000d\000\040\000S\000t\000r\000u\000c\000t\000\040\000R\000e\000f\000e\000r\000e\000n\000c\000e}{chapter.4}% 20
\BOOKMARK [2][-]{subsection.4.3.1}{\376\377\0004\000.\0003\000.\0001\000\040\000D\000e\000t\000a\000i\000l\000e\000d\000\040\000D\000e\000s\000c\000r\000i\000p\000t\000i\000o\000n}{section.4.3}% 21
\BOOKMARK [2][-]{subsection.4.3.2}{\376\377\0004\000.\0003\000.\0002\000\040\000M\000e\000m\000b\000e\000r\000\040\000D\000a\000t\000a\000\040\000D\000o\000c\000u\000m\000e\000n\000t\000a\000t\000i\000o\000n}{section.4.3}% 22
\BOOKMARK [3][-]{subsubsection.4.3.2.1}{\376\377\0004\000.\0003\000.\0002\000.\0001\000\040\000b\000e\000v\000e\000r\000a\000g\000e}{subsection.4.3.2}% 23
\BOOKMARK [3][-]{subsubsection.4.3.2.2}{\376\377\0004\000.\0003\000.\0002\000.\0002\000\040\000c\000u\000r\000r\000e\000n\000t\000\137\000q\000u\000a\000n\000t\000i\000t\000y}{subsection.4.3.2}% 24
\BOOKMARK [3][-]{subsubsection.4.3.2.3}{\376\377\0004\000.\0003\000.\0002\000.\0003\000\040\000o\000r\000i\000g\000i\000n\000a\000l\000\137\000q\000u\000a\000n\000t\000i\000t\000y}{subsection.4.3.2}% 25
\BOOKMARK [1][-]{section.4.4}{\376\377\0004\000.\0004\000\040\000U\000s\000e\000r\000\040\000S\000t\000r\000u\000c\000t\000\040\000R\000e\000f\000e\000r\000e\000n\000c\000e}{chapter.4}% 26
\BOOKMARK [2][-]{subsection.4.4.1}{\376\377\0004\000.\0004\000.\0001\000\040\000D\000e\000t\000a\000i\000l\000e\000d\000\040\000D\000e\000s\000c\000r\000i\000p\000t\000i\000o\000n}{section.4.4}% 27
\BOOKMARK [2][-]{subsection.4.4.2}{\376\377\0004\000.\0004\000.\0002\000\040\000M\000e\000m\000b\000e\000r\000\040\000D\000a\000t\000a\000\040\000D\000o\000c\000u\000m\000e\000n\000t\000a\000t\000i\000o\000n}{section.4.4}% 28
\BOOKMARK [3][-]{subsubsection.4.4.2.1}{\376\377\0004\000.\0004\000.\0002\000.\0001\000\040\000b\000a\000l\000a\000n\000c\000e}{subsection.4.4.2}% 29
\BOOKMARK [3][-]{subsubsection.4.4.2.2}{\376\377\0004\000.\0004\000.\0002\000.\0002\000\040\000r\000o\000o\000m\000N\000u\000m\000b\000e\000r}{subsection.4.4.2}% 30
\BOOKMARK [3][-]{subsubsection.4.4.2.3}{\376\377\0004\000.\0004\000.\0002\000.\0003\000\040\000u\000i\000d}{subsection.4.4.2}% 31
\BOOKMARK [0][-]{chapter.5}{\376\377\0005\000\040\000F\000i\000l\000e\000\040\000D\000o\000c\000u\000m\000e\000n\000t\000a\000t\000i\000o\000n}{}% 32
\BOOKMARK [1][-]{section.5.1}{\376\377\0005\000.\0001\000\040\000i\000n\000c\000l\000u\000d\000e\000/\000a\000d\000m\000i\000n\000\137\000h\000t\000m\000l\000.\000h\000\040\000F\000i\000l\000e\000\040\000R\000e\000f\000e\000r\000e\000n\000c\000e}{chapter.5}% 33
\BOOKMARK [2][-]{subsection.5.1.1}{\376\377\0005\000.\0001\000.\0001\000\040\000D\000e\000t\000a\000i\000l\000e\000d\000\040\000D\000e\000s\000c\000r\000i\000p\000t\000i\000o\000n}{section.5.1}% 34
\BOOKMARK [2][-]{subsection.5.1.2}{\376\377\0005\000.\0001\000.\0002\000\040\000V\000a\000r\000i\000a\000b\000l\000e\000\040\000D\000o\000c\000u\000m\000e\000n\000t\000a\000t\000i\000o\000n}{section.5.1}% 35
\BOOKMARK [3][-]{subsubsection.5.1.2.1}{\376\377\0005\000.\0001\000.\0002\000.\0001\000\040\000P\000R\000O\000G\000M\000E\000M}{subsection.5.1.2}% 36
\BOOKMARK [1][-]{section.5.2}{\376\377\0005\000.\0002\000\040\000i\000n\000c\000l\000u\000d\000e\000/\000b\000u\000z\000z\000e\000r\000.\000h\000\040\000F\000i\000l\000e\000\040\000R\000e\000f\000e\000r\000e\000n\000c\000e}{chapter.5}% 37
\BOOKMARK [2][-]{subsection.5.2.1}{\376\377\0005\000.\0002\000.\0001\000\040\000D\000e\000t\000a\000i\000l\000e\000d\000\040\000D\000e\000s\000c\000r\000i\000p\000t\000i\000o\000n}{section.5.2}% 38
\BOOKMARK [2][-]{subsection.5.2.2}{\376\377\0005\000.\0002\000.\0002\000\040\000M\000a\000c\000r\000o\000\040\000D\000e\000f\000i\000n\000i\000t\000i\000o\000n\000\040\000D\000o\000c\000u\000m\000e\000n\000t\000a\000t\000i\000o\000n}{section.5.2}% 39
\BOOKMARK [3][-]{subsubsection.5.2.2.1}{\376\377\0005\000.\0002\000.\0002\000.\0001\000\040\000B\000U\000Z\000Z\000E\000R\000\137\000H}{subsection.5.2.2}% 40
\BOOKMARK [2][-]{subsection.5.2.3}{\376\377\0005\000.\0002\000.\0003\000\040\000F\000u\000n\000c\000t\000i\000o\000n\000\040\000D\000o\000c\000u\000m\000e\000n\000t\000a\000t\000i\000o\000n}{section.5.2}% 41
\BOOKMARK [3][-]{subsubsection.5.2.3.1}{\376\377\0005\000.\0002\000.\0003\000.\0001\000\040\000p\000l\000a\000y\000\137\000l\000o\000c\000k\000\050\000\051}{subsection.5.2.3}% 42
\BOOKMARK [3][-]{subsubsection.5.2.3.2}{\376\377\0005\000.\0002\000.\0003\000.\0002\000\040\000p\000l\000a\000y\000\137\000u\000n\000l\000o\000c\000k\000\050\000\051}{subsection.5.2.3}% 43
\BOOKMARK [3][-]{subsubsection.5.2.3.3}{\376\377\0005\000.\0002\000.\0003\000.\0003\000\040\000p\000l\000a\000y\000\137\000w\000a\000r\000n\000i\000n\000g\000\050\000\051}{subsection.5.2.3}% 44
\BOOKMARK [1][-]{section.5.3}{\376\377\0005\000.\0003\000\040\000i\000n\000c\000l\000u\000d\000e\000/\000f\000r\000i\000d\000g\000e\000\137\000s\000t\000a\000t\000e\000.\000h\000\040\000F\000i\000l\000e\000\040\000R\000e\000f\000e\000r\000e\000n\000c\000e}{chapter.5}% 45
\BOOKMARK [2][-]{subsection.5.3.1}{\376\377\0005\000.\0003\000.\0001\000\040\000D\000e\000t\000a\000i\000l\000e\000d\000\040\000D\000e\000s\000c\000r\000i\000p\000t\000i\000o\000n}{section.5.3}% 46
\BOOKMARK [2][-]{subsection.5.3.2}{\376\377\0005\000.\0003\000.\0002\000\040\000V\000a\000r\000i\000a\000b\000l\000e\000\040\000D\000o\000c\000u\000m\000e\000n\000t\000a\000t\000i\000o\000n}{section.5.3}% 47
\BOOKMARK [3][-]{subsubsection.5.3.2.1}{\376\377\0005\000.\0003\000.\0002\000.\0001\000\040\000f\000r\000i\000d\000g\000e}{subsection.5.3.2}% 48
\BOOKMARK [1][-]{section.5.4}{\376\377\0005\000.\0004\000\040\000i\000n\000c\000l\000u\000d\000e\000/\000g\000r\000a\000p\000h\000\137\000d\000a\000t\000a\000.\000h\000\040\000F\000i\000l\000e\000\040\000R\000e\000f\000e\000r\000e\000n\000c\000e}{chapter.5}% 49
\BOOKMARK [2][-]{subsection.5.4.1}{\376\377\0005\000.\0004\000.\0001\000\040\000M\000a\000c\000r\000o\000\040\000D\000e\000f\000i\000n\000i\000t\000i\000o\000n\000\040\000D\000o\000c\000u\000m\000e\000n\000t\000a\000t\000i\000o\000n}{section.5.4}% 50
\BOOKMARK [3][-]{subsubsection.5.4.1.1}{\376\377\0005\000.\0004\000.\0001\000.\0001\000\040\000R\000O\000O\000M\000\137\000C\000O\000U\000N\000T}{subsection.5.4.1}% 51
\BOOKMARK [2][-]{subsection.5.4.2}{\376\377\0005\000.\0004\000.\0002\000\040\000F\000u\000n\000c\000t\000i\000o\000n\000\040\000D\000o\000c\000u\000m\000e\000n\000t\000a\000t\000i\000o\000n}{section.5.4}% 52
\BOOKMARK [3][-]{subsubsection.5.4.2.1}{\376\377\0005\000.\0004\000.\0002\000.\0001\000\040\000g\000r\000a\000p\000h\000\137\000a\000d\000d\000\137\000t\000o\000\137\000r\000o\000o\000m\000\137\000c\000l\000a\000s\000i\000c\000\050\000\051}{subsection.5.4.2}% 53
\BOOKMARK [3][-]{subsubsection.5.4.2.2}{\376\377\0005\000.\0004\000.\0002\000.\0002\000\040\000g\000r\000a\000p\000h\000\137\000a\000d\000d\000\137\000t\000o\000\137\000r\000o\000o\000m\000\137\000g\000r\000e\000e\000n\000\050\000\051}{subsection.5.4.2}% 54
\BOOKMARK [3][-]{subsubsection.5.4.2.3}{\376\377\0005\000.\0004\000.\0002\000.\0003\000\040\000p\000r\000i\000n\000t\000\137\000g\000r\000a\000p\000h\000\137\000a\000r\000r\000a\000y\000s\000\050\000\051}{subsection.5.4.2}% 55
\BOOKMARK [2][-]{subsection.5.4.3}{\376\377\0005\000.\0004\000.\0003\000\040\000V\000a\000r\000i\000a\000b\000l\000e\000\040\000D\000o\000c\000u\000m\000e\000n\000t\000a\000t\000i\000o\000n}{section.5.4}% 56
\BOOKMARK [3][-]{subsubsection.5.4.3.1}{\376\377\0005\000.\0004\000.\0003\000.\0001\000\040\000c\000l\000a\000s\000s\000i\000c\000H\000e\000i\000g\000h\000t}{subsection.5.4.3}% 57
\BOOKMARK [3][-]{subsubsection.5.4.3.2}{\376\377\0005\000.\0004\000.\0003\000.\0002\000\040\000g\000r\000e\000e\000n\000H\000e\000i\000g\000h\000t}{subsection.5.4.3}% 58
\BOOKMARK [1][-]{section.5.5}{\376\377\0005\000.\0005\000\040\000i\000n\000c\000l\000u\000d\000e\000/\000i\000n\000d\000e\000x\000\137\000h\000t\000m\000l\000.\000h\000\040\000F\000i\000l\000e\000\040\000R\000e\000f\000e\000r\000e\000n\000c\000e}{chapter.5}% 59
\BOOKMARK [2][-]{subsection.5.5.1}{\376\377\0005\000.\0005\000.\0001\000\040\000D\000e\000t\000a\000i\000l\000e\000d\000\040\000D\000e\000s\000c\000r\000i\000p\000t\000i\000o\000n}{section.5.5}% 60
\BOOKMARK [2][-]{subsection.5.5.2}{\376\377\0005\000.\0005\000.\0002\000\040\000V\000a\000r\000i\000a\000b\000l\000e\000\040\000D\000o\000c\000u\000m\000e\000n\000t\000a\000t\000i\000o\000n}{section.5.5}% 61
\BOOKMARK [3][-]{subsubsection.5.5.2.1}{\376\377\0005\000.\0005\000.\0002\000.\0001\000\040\000P\000R\000O\000G\000M\000E\000M}{subsection.5.5.2}% 62
\BOOKMARK [1][-]{section.5.6}{\376\377\0005\000.\0006\000\040\000i\000n\000c\000l\000u\000d\000e\000/\000i\000n\000i\000t\000\137\000u\000s\000e\000r\000s\000\137\000a\000n\000d\000\137\000s\000a\000l\000e\000.\000h\000\040\000F\000i\000l\000e\000\040\000R\000e\000f\000e\000r\000e\000n\000c\000e}{chapter.5}% 63
\BOOKMARK [2][-]{subsection.5.6.1}{\376\377\0005\000.\0006\000.\0001\000\040\000D\000e\000t\000a\000i\000l\000e\000d\000\040\000D\000e\000s\000c\000r\000i\000p\000t\000i\000o\000n}{section.5.6}% 64
\BOOKMARK [2][-]{subsection.5.6.2}{\376\377\0005\000.\0006\000.\0002\000\040\000M\000a\000c\000r\000o\000\040\000D\000e\000f\000i\000n\000i\000t\000i\000o\000n\000\040\000D\000o\000c\000u\000m\000e\000n\000t\000a\000t\000i\000o\000n}{section.5.6}% 65
\BOOKMARK [3][-]{subsubsection.5.6.2.1}{\376\377\0005\000.\0006\000.\0002\000.\0001\000\040\000n\000u\000m\000b\000e\000r\000\137\000o\000f\000\137\000u\000s\000e\000r\000s}{subsection.5.6.2}% 66
\BOOKMARK [2][-]{subsection.5.6.3}{\376\377\0005\000.\0006\000.\0003\000\040\000F\000u\000n\000c\000t\000i\000o\000n\000\040\000D\000o\000c\000u\000m\000e\000n\000t\000a\000t\000i\000o\000n}{section.5.6}% 67
\BOOKMARK [3][-]{subsubsection.5.6.3.1}{\376\377\0005\000.\0006\000.\0003\000.\0001\000\040\000i\000n\000i\000t\000\137\000u\000s\000e\000r\000s\000\137\000a\000n\000d\000\137\000p\000r\000o\000d\000u\000c\000t\000s\000\050\000\051}{subsection.5.6.3}% 68
\BOOKMARK [3][-]{subsubsection.5.6.3.2}{\376\377\0005\000.\0006\000.\0003\000.\0002\000\040\000p\000e\000r\000f\000o\000r\000m\000\137\000s\000a\000l\000e\000\050\000\051}{subsection.5.6.3}% 69
\BOOKMARK [1][-]{section.5.7}{\376\377\0005\000.\0007\000\040\000i\000n\000c\000l\000u\000d\000e\000/\000i\000n\000v\000e\000n\000t\000o\000r\000y\000.\000h\000\040\000F\000i\000l\000e\000\040\000R\000e\000f\000e\000r\000e\000n\000c\000e}{chapter.5}% 70
\BOOKMARK [2][-]{subsection.5.7.1}{\376\377\0005\000.\0007\000.\0001\000\040\000D\000e\000t\000a\000i\000l\000e\000d\000\040\000D\000e\000s\000c\000r\000i\000p\000t\000i\000o\000n}{section.5.7}% 71
\BOOKMARK [2][-]{subsection.5.7.2}{\376\377\0005\000.\0007\000.\0002\000\040\000M\000a\000c\000r\000o\000\040\000D\000e\000f\000i\000n\000i\000t\000i\000o\000n\000\040\000D\000o\000c\000u\000m\000e\000n\000t\000a\000t\000i\000o\000n}{section.5.7}% 72
\BOOKMARK [3][-]{subsubsection.5.7.2.1}{\376\377\0005\000.\0007\000.\0002\000.\0001\000\040\000I\000N\000V\000E\000N\000T\000O\000R\000Y\000\137\000C\000A\000P\000A\000C\000I\000T\000Y}{subsection.5.7.2}% 73
\BOOKMARK [2][-]{subsection.5.7.3}{\376\377\0005\000.\0007\000.\0003\000\040\000E\000n\000u\000m\000e\000r\000a\000t\000i\000o\000n\000\040\000T\000y\000p\000e\000\040\000D\000o\000c\000u\000m\000e\000n\000t\000a\000t\000i\000o\000n}{section.5.7}% 74
\BOOKMARK [3][-]{subsubsection.5.7.3.1}{\376\377\0005\000.\0007\000.\0003\000.\0001\000\040\000b\000e\000v\000e\000r\000a\000g\000e\000\137\000t\000y\000p\000e}{subsection.5.7.3}% 75
\BOOKMARK [2][-]{subsection.5.7.4}{\376\377\0005\000.\0007\000.\0004\000\040\000F\000u\000n\000c\000t\000i\000o\000n\000\040\000D\000o\000c\000u\000m\000e\000n\000t\000a\000t\000i\000o\000n}{section.5.7}% 76
\BOOKMARK [3][-]{subsubsection.5.7.4.1}{\376\377\0005\000.\0007\000.\0004\000.\0001\000\040\000i\000n\000v\000e\000n\000t\000o\000r\000y\000\137\000a\000d\000d\000\137\000b\000e\000v\000e\000r\000a\000g\000e\000\050\000\051}{subsection.5.7.4}% 77
\BOOKMARK [3][-]{subsubsection.5.7.4.2}{\376\377\0005\000.\0007\000.\0004\000.\0002\000\040\000i\000n\000v\000e\000n\000t\000o\000r\000y\000\137\000a\000d\000d\000\137\000p\000r\000o\000d\000u\000c\000t\000\050\000\051}{subsection.5.7.4}% 78
\BOOKMARK [3][-]{subsubsection.5.7.4.3}{\376\377\0005\000.\0007\000.\0004\000.\0003\000\040\000i\000n\000v\000e\000n\000t\000o\000r\000y\000\137\000i\000n\000i\000t\000\050\000\051}{subsection.5.7.4}% 79
\BOOKMARK [3][-]{subsubsection.5.7.4.4}{\376\377\0005\000.\0007\000.\0004\000.\0004\000\040\000i\000n\000v\000e\000n\000t\000o\000r\000y\000\137\000m\000a\000k\000e\000\137\000p\000r\000o\000d\000u\000c\000t\000\050\000\051}{subsection.5.7.4}% 80
\BOOKMARK [3][-]{subsubsection.5.7.4.5}{\376\377\0005\000.\0007\000.\0004\000.\0005\000\040\000i\000n\000v\000e\000n\000t\000o\000r\000y\000\137\000p\000r\000i\000n\000t\000\050\000\051}{subsection.5.7.4}% 81
\BOOKMARK [3][-]{subsubsection.5.7.4.6}{\376\377\0005\000.\0007\000.\0004\000.\0006\000\040\000i\000n\000v\000e\000n\000t\000o\000r\000y\000\137\000r\000e\000m\000o\000v\000e\000\137\000b\000e\000v\000e\000r\000a\000g\000e\000\050\000\051}{subsection.5.7.4}% 82
\BOOKMARK [3][-]{subsubsection.5.7.4.7}{\376\377\0005\000.\0007\000.\0004\000.\0007\000\040\000i\000n\000v\000e\000n\000t\000o\000r\000y\000\137\000r\000e\000m\000o\000v\000e\000\137\000p\000r\000o\000d\000u\000c\000t\000\050\000\051}{subsection.5.7.4}% 83
\BOOKMARK [1][-]{section.5.8}{\376\377\0005\000.\0008\000\040\000i\000n\000c\000l\000u\000d\000e\000/\000l\000o\000c\000k\000\137\000c\000t\000r\000l\000.\000h\000\040\000F\000i\000l\000e\000\040\000R\000e\000f\000e\000r\000e\000n\000c\000e}{chapter.5}% 84
\BOOKMARK [2][-]{subsection.5.8.1}{\376\377\0005\000.\0008\000.\0001\000\040\000D\000e\000t\000a\000i\000l\000e\000d\000\040\000D\000e\000s\000c\000r\000i\000p\000t\000i\000o\000n}{section.5.8}% 85
\BOOKMARK [2][-]{subsection.5.8.2}{\376\377\0005\000.\0008\000.\0002\000\040\000M\000a\000c\000r\000o\000\040\000D\000e\000f\000i\000n\000i\000t\000i\000o\000n\000\040\000D\000o\000c\000u\000m\000e\000n\000t\000a\000t\000i\000o\000n}{section.5.8}% 86
\BOOKMARK [3][-]{subsubsection.5.8.2.1}{\376\377\0005\000.\0008\000.\0002\000.\0001\000\040\000C\000L\000O\000S\000E\000D\000\137\000T\000H\000R\000E\000S\000H\000O\000L\000D}{subsection.5.8.2}% 87
\BOOKMARK [3][-]{subsubsection.5.8.2.2}{\376\377\0005\000.\0008\000.\0002\000.\0002\000\040\000O\000P\000E\000N\000\137\000T\000H\000R\000E\000S\000H\000O\000L\000D}{subsection.5.8.2}% 88
\BOOKMARK [3][-]{subsubsection.5.8.2.3}{\376\377\0005\000.\0008\000.\0002\000.\0003\000\040\000S\000E\000R\000V\000O\000\137\000P\000I\000N}{subsection.5.8.2}% 89
\BOOKMARK [2][-]{subsection.5.8.3}{\376\377\0005\000.\0008\000.\0003\000\040\000F\000u\000n\000c\000t\000i\000o\000n\000\040\000D\000o\000c\000u\000m\000e\000n\000t\000a\000t\000i\000o\000n}{section.5.8}% 90
\BOOKMARK [3][-]{subsubsection.5.8.3.1}{\376\377\0005\000.\0008\000.\0003\000.\0001\000\040\000i\000s\000\137\000b\000o\000x\000\137\000c\000l\000o\000s\000e\000d\000\050\000\051}{subsection.5.8.3}% 91
\BOOKMARK [3][-]{subsubsection.5.8.3.2}{\376\377\0005\000.\0008\000.\0003\000.\0002\000\040\000l\000o\000c\000k\000\137\000c\000t\000r\000l\000\137\000i\000n\000i\000t\000\050\000\051}{subsection.5.8.3}% 92
\BOOKMARK [3][-]{subsubsection.5.8.3.3}{\376\377\0005\000.\0008\000.\0003\000.\0003\000\040\000l\000o\000c\000k\000\137\000d\000o\000o\000r\000\050\000\051}{subsection.5.8.3}% 93
\BOOKMARK [3][-]{subsubsection.5.8.3.4}{\376\377\0005\000.\0008\000.\0003\000.\0004\000\040\000p\000l\000a\000y\000\137\000c\000l\000o\000s\000e\000\050\000\051}{subsection.5.8.3}% 94
\BOOKMARK [3][-]{subsubsection.5.8.3.5}{\376\377\0005\000.\0008\000.\0003\000.\0005\000\040\000p\000l\000a\000y\000\137\000o\000p\000e\000n\000\050\000\051}{subsection.5.8.3}% 95
\BOOKMARK [3][-]{subsubsection.5.8.3.6}{\376\377\0005\000.\0008\000.\0003\000.\0006\000\040\000u\000n\000l\000o\000c\000k\000\137\000d\000o\000o\000r\000\050\000\051}{subsection.5.8.3}% 96
\BOOKMARK [1][-]{section.5.9}{\376\377\0005\000.\0009\000\040\000i\000n\000c\000l\000u\000d\000e\000/\000l\000o\000g\000i\000n\000\137\000h\000t\000m\000l\000.\000h\000\040\000F\000i\000l\000e\000\040\000R\000e\000f\000e\000r\000e\000n\000c\000e}{chapter.5}% 97
\BOOKMARK [2][-]{subsection.5.9.1}{\376\377\0005\000.\0009\000.\0001\000\040\000D\000e\000t\000a\000i\000l\000e\000d\000\040\000D\000e\000s\000c\000r\000i\000p\000t\000i\000o\000n}{section.5.9}% 98
\BOOKMARK [2][-]{subsection.5.9.2}{\376\377\0005\000.\0009\000.\0002\000\040\000V\000a\000r\000i\000a\000b\000l\000e\000\040\000D\000o\000c\000u\000m\000e\000n\000t\000a\000t\000i\000o\000n}{section.5.9}% 99
\BOOKMARK [3][-]{subsubsection.5.9.2.1}{\376\377\0005\000.\0009\000.\0002\000.\0001\000\040\000P\000R\000O\000G\000M\000E\000M}{subsection.5.9.2}% 100
\BOOKMARK [1][-]{section.5.10}{\376\377\0005\000.\0001\0000\000\040\000i\000n\000c\000l\000u\000d\000e\000/\000r\000f\000i\000d\000\137\000a\000c\000c\000e\000s\000s\000.\000h\000\040\000F\000i\000l\000e\000\040\000R\000e\000f\000e\000r\000e\000n\000c\000e}{chapter.5}% 101
\BOOKMARK [2][-]{subsection.5.10.1}{\376\377\0005\000.\0001\0000\000.\0001\000\040\000D\000e\000t\000a\000i\000l\000e\000d\000\040\000D\000e\000s\000c\000r\000i\000p\000t\000i\000o\000n}{section.5.10}% 102
\BOOKMARK [2][-]{subsection.5.10.2}{\376\377\0005\000.\0001\0000\000.\0002\000\040\000M\000a\000c\000r\000o\000\040\000D\000e\000f\000i\000n\000i\000t\000i\000o\000n\000\040\000D\000o\000c\000u\000m\000e\000n\000t\000a\000t\000i\000o\000n}{section.5.10}% 103
\BOOKMARK [3][-]{subsubsection.5.10.2.1}{\376\377\0005\000.\0001\0000\000.\0002\000.\0001\000\040\000M\000A\000X\000\137\000R\000O\000O\000M\000S}{subsection.5.10.2}% 104
\BOOKMARK [3][-]{subsubsection.5.10.2.2}{\376\377\0005\000.\0001\0000\000.\0002\000.\0002\000\040\000R\000S\000T\000\137\000P\000I\000N}{subsection.5.10.2}% 105
\BOOKMARK [3][-]{subsubsection.5.10.2.3}{\376\377\0005\000.\0001\0000\000.\0002\000.\0003\000\040\000S\000S\000\137\000P\000I\000N}{subsection.5.10.2}% 106
\BOOKMARK [3][-]{subsubsection.5.10.2.4}{\376\377\0005\000.\0001\0000\000.\0002\000.\0004\000\040\000U\000I\000D\000\137\000L\000E\000N\000G\000T\000H}{subsection.5.10.2}% 107
\BOOKMARK [2][-]{subsection.5.10.3}{\376\377\0005\000.\0001\0000\000.\0003\000\040\000E\000n\000u\000m\000e\000r\000a\000t\000i\000o\000n\000\040\000T\000y\000p\000e\000\040\000D\000o\000c\000u\000m\000e\000n\000t\000a\000t\000i\000o\000n}{section.5.10}% 108
\BOOKMARK [3][-]{subsubsection.5.10.3.1}{\376\377\0005\000.\0001\0000\000.\0003\000.\0001\000\040\000R\000F\000I\000D\000c\000o\000m\000m\000a\000n\000d}{subsection.5.10.3}% 109
\BOOKMARK [2][-]{subsection.5.10.4}{\376\377\0005\000.\0001\0000\000.\0004\000\040\000F\000u\000n\000c\000t\000i\000o\000n\000\040\000D\000o\000c\000u\000m\000e\000n\000t\000a\000t\000i\000o\000n}{section.5.10}% 110
\BOOKMARK [3][-]{subsubsection.5.10.4.1}{\376\377\0005\000.\0001\0000\000.\0004\000.\0001\000\040\000a\000d\000d\000\137\000u\000s\000e\000r\000\050\000\051}{subsection.5.10.4}% 111
\BOOKMARK [3][-]{subsubsection.5.10.4.2}{\376\377\0005\000.\0001\0000\000.\0004\000.\0002\000\040\000c\000h\000e\000c\000k\000\137\000c\000o\000m\000m\000a\000n\000d\000\050\000\051}{subsection.5.10.4}% 112
\BOOKMARK [3][-]{subsubsection.5.10.4.3}{\376\377\0005\000.\0001\0000\000.\0004\000.\0003\000\040\000c\000o\000m\000p\000a\000r\000e\000\137\000U\000I\000D\000\050\000\051}{subsection.5.10.4}% 113
\BOOKMARK [3][-]{subsubsection.5.10.4.4}{\376\377\0005\000.\0001\0000\000.\0004\000.\0004\000\040\000c\000o\000u\000n\000t\000\137\000r\000o\000o\000m\000s\000\050\000\051}{subsection.5.10.4}% 114
\BOOKMARK [3][-]{subsubsection.5.10.4.5}{\376\377\0005\000.\0001\0000\000.\0004\000.\0005\000\040\000d\000i\000s\000p\000l\000a\000y\000\137\000c\000o\000m\000m\000a\000n\000d\000s\000\050\000\051}{subsection.5.10.4}% 115
\BOOKMARK [3][-]{subsubsection.5.10.4.6}{\376\377\0005\000.\0001\0000\000.\0004\000.\0006\000\040\000d\000i\000s\000p\000l\000a\000y\000\137\000c\000o\000m\000m\000a\000n\000d\000s\000\137\000u\000m\000\050\000\051}{subsection.5.10.4}% 116
\BOOKMARK [3][-]{subsubsection.5.10.4.7}{\376\377\0005\000.\0001\0000\000.\0004\000.\0007\000\040\000f\000i\000n\000d\000\137\000e\000m\000p\000t\000y\000\137\000i\000n\000d\000e\000x\000\050\000\051}{subsection.5.10.4}% 117
\BOOKMARK [3][-]{subsubsection.5.10.4.8}{\376\377\0005\000.\0001\0000\000.\0004\000.\0008\000\040\000g\000e\000t\000\137\000u\000s\000e\000r\000s\000\137\000d\000b\000\050\000\051}{subsection.5.10.4}% 118
\BOOKMARK [3][-]{subsubsection.5.10.4.9}{\376\377\0005\000.\0001\0000\000.\0004\000.\0009\000\040\000p\000r\000i\000n\000t\000\137\000a\000l\000l\000\137\000u\000s\000e\000r\000s\000\050\000\051}{subsection.5.10.4}% 119
\BOOKMARK [3][-]{subsubsection.5.10.4.10}{\376\377\0005\000.\0001\0000\000.\0004\000.\0001\0000\000\040\000p\000r\000i\000n\000t\000\137\000s\000i\000n\000g\000l\000e\000\137\000u\000s\000e\000r\000\050\000\051}{subsection.5.10.4}% 120
\BOOKMARK [3][-]{subsubsection.5.10.4.11}{\376\377\0005\000.\0001\0000\000.\0004\000.\0001\0001\000\040\000p\000r\000i\000n\000t\000\137\000u\000i\000d\000\050\000\051}{subsection.5.10.4}% 121
\BOOKMARK [3][-]{subsubsection.5.10.4.12}{\376\377\0005\000.\0001\0000\000.\0004\000.\0001\0002\000\040\000r\000e\000a\000d\000\137\000c\000o\000n\000f\000i\000r\000m\000a\000t\000i\000o\000n\000\050\000\051}{subsection.5.10.4}% 122
\BOOKMARK [3][-]{subsubsection.5.10.4.13}{\376\377\0005\000.\0001\0000\000.\0004\000.\0001\0003\000\040\000r\000e\000a\000d\000\137\000i\000n\000t\000e\000g\000e\000r\000\050\000\051}{subsection.5.10.4}% 123
\BOOKMARK [3][-]{subsubsection.5.10.4.14}{\376\377\0005\000.\0001\0000\000.\0004\000.\0001\0004\000\040\000r\000e\000a\000d\000\137\000R\000F\000I\000D\000\137\000t\000a\000g\000\050\000\051}{subsection.5.10.4}% 124
\BOOKMARK [3][-]{subsubsection.5.10.4.15}{\376\377\0005\000.\0001\0000\000.\0004\000.\0001\0005\000\040\000r\000e\000m\000o\000v\000e\000\137\000u\000s\000e\000r\000\050\000\051}{subsection.5.10.4}% 125
\BOOKMARK [3][-]{subsubsection.5.10.4.16}{\376\377\0005\000.\0001\0000\000.\0004\000.\0001\0006\000\040\000r\000f\000i\000d\000\137\000g\000e\000t\000\137\000l\000a\000s\000t\000\137\000u\000i\000d\000\050\000\051}{subsection.5.10.4}% 126
\BOOKMARK [3][-]{subsubsection.5.10.4.17}{\376\377\0005\000.\0001\0000\000.\0004\000.\0001\0007\000\040\000r\000f\000i\000d\000\137\000s\000e\000t\000\137\000l\000a\000s\000t\000\137\000u\000i\000d\000\050\000\051}{subsection.5.10.4}% 127
\BOOKMARK [3][-]{subsubsection.5.10.4.18}{\376\377\0005\000.\0001\0000\000.\0004\000.\0001\0008\000\040\000s\000e\000t\000u\000p\000\137\000R\000F\000I\000D\000\137\000r\000e\000a\000d\000e\000r\000\050\000\051}{subsection.5.10.4}% 128
\BOOKMARK [3][-]{subsubsection.5.10.4.19}{\376\377\0005\000.\0001\0000\000.\0004\000.\0001\0009\000\040\000u\000s\000e\000r\000\137\000m\000a\000n\000a\000g\000e\000m\000e\000n\000t\000\050\000\051}{subsection.5.10.4}% 129
\BOOKMARK [3][-]{subsubsection.5.10.4.20}{\376\377\0005\000.\0001\0000\000.\0004\000.\0002\0000\000\040\000v\000a\000l\000i\000d\000a\000t\000e\000\137\000r\000f\000i\000d\000\050\000\051}{subsection.5.10.4}% 130
\BOOKMARK [2][-]{subsection.5.10.5}{\376\377\0005\000.\0001\0000\000.\0005\000\040\000V\000a\000r\000i\000a\000b\000l\000e\000\040\000D\000o\000c\000u\000m\000e\000n\000t\000a\000t\000i\000o\000n}{section.5.10}% 131
\BOOKMARK [3][-]{subsubsection.5.10.5.1}{\376\377\0005\000.\0001\0000\000.\0005\000.\0001\000\040\000u\000s\000e\000r\000C\000o\000u\000n\000t}{subsection.5.10.5}% 132
\BOOKMARK [3][-]{subsubsection.5.10.5.2}{\376\377\0005\000.\0001\0000\000.\0005\000.\0002\000\040\000u\000s\000e\000r\000s}{subsection.5.10.5}% 133
\BOOKMARK [1][-]{section.5.11}{\376\377\0005\000.\0001\0001\000\040\000i\000n\000c\000l\000u\000d\000e\000/\000s\000a\000l\000e\000\137\000h\000t\000m\000l\000.\000h\000\040\000F\000i\000l\000e\000\040\000R\000e\000f\000e\000r\000e\000n\000c\000e}{chapter.5}% 134
\BOOKMARK [2][-]{subsection.5.11.1}{\376\377\0005\000.\0001\0001\000.\0001\000\040\000D\000e\000t\000a\000i\000l\000e\000d\000\040\000D\000e\000s\000c\000r\000i\000p\000t\000i\000o\000n}{section.5.11}% 135
\BOOKMARK [2][-]{subsection.5.11.2}{\376\377\0005\000.\0001\0001\000.\0002\000\040\000F\000u\000n\000c\000t\000i\000o\000n\000\040\000D\000o\000c\000u\000m\000e\000n\000t\000a\000t\000i\000o\000n}{section.5.11}% 136
\BOOKMARK [3][-]{subsubsection.5.11.2.1}{\376\377\0005\000.\0001\0001\000.\0002\000.\0001\000\040\000s\000e\000n\000d\000\137\000s\000a\000l\000e\000\137\000h\000t\000m\000l\000\137\000g\000r\000a\000p\000h\000\050\000\051}{subsection.5.11.2}% 137
\BOOKMARK [3][-]{subsubsection.5.11.2.2}{\376\377\0005\000.\0001\0001\000.\0002\000.\0002\000\040\000s\000e\000n\000d\000\137\000s\000a\000l\000e\000\137\000h\000t\000m\000l\000\137\000p\000a\000g\000e\000\050\000\051}{subsection.5.11.2}% 138
\BOOKMARK [2][-]{subsection.5.11.3}{\376\377\0005\000.\0001\0001\000.\0003\000\040\000V\000a\000r\000i\000a\000b\000l\000e\000\040\000D\000o\000c\000u\000m\000e\000n\000t\000a\000t\000i\000o\000n}{section.5.11}% 139
\BOOKMARK [3][-]{subsubsection.5.11.3.1}{\376\377\0005\000.\0001\0001\000.\0003\000.\0001\000\040\000P\000R\000O\000G\000M\000E\000M}{subsection.5.11.3}% 140
\BOOKMARK [1][-]{section.5.12}{\376\377\0005\000.\0001\0002\000\040\000i\000n\000c\000l\000u\000d\000e\000/\000s\000t\000y\000l\000e\000\137\000c\000s\000s\000.\000h\000\040\000F\000i\000l\000e\000\040\000R\000e\000f\000e\000r\000e\000n\000c\000e}{chapter.5}% 141
\BOOKMARK [2][-]{subsection.5.12.1}{\376\377\0005\000.\0001\0002\000.\0001\000\040\000D\000e\000t\000a\000i\000l\000e\000d\000\040\000D\000e\000s\000c\000r\000i\000p\000t\000i\000o\000n}{section.5.12}% 142
\BOOKMARK [2][-]{subsection.5.12.2}{\376\377\0005\000.\0001\0002\000.\0002\000\040\000V\000a\000r\000i\000a\000b\000l\000e\000\040\000D\000o\000c\000u\000m\000e\000n\000t\000a\000t\000i\000o\000n}{section.5.12}% 143
\BOOKMARK [3][-]{subsubsection.5.12.2.1}{\376\377\0005\000.\0001\0002\000.\0002\000.\0001\000\040\000P\000R\000O\000G\000M\000E\000M}{subsection.5.12.2}% 144
\BOOKMARK [1][-]{section.5.13}{\376\377\0005\000.\0001\0003\000\040\000i\000n\000c\000l\000u\000d\000e\000/\000w\000e\000i\000g\000h\000t\000\137\000s\000c\000a\000l\000e\000.\000h\000\040\000F\000i\000l\000e\000\040\000R\000e\000f\000e\000r\000e\000n\000c\000e}{chapter.5}% 145
\BOOKMARK [2][-]{subsection.5.13.1}{\376\377\0005\000.\0001\0003\000.\0001\000\040\000D\000e\000t\000a\000i\000l\000e\000d\000\040\000D\000e\000s\000c\000r\000i\000p\000t\000i\000o\000n}{section.5.13}% 146
\BOOKMARK [2][-]{subsection.5.13.2}{\376\377\0005\000.\0001\0003\000.\0002\000\040\000M\000a\000c\000r\000o\000\040\000D\000e\000f\000i\000n\000i\000t\000i\000o\000n\000\040\000D\000o\000c\000u\000m\000e\000n\000t\000a\000t\000i\000o\000n}{section.5.13}% 147
\BOOKMARK [3][-]{subsubsection.5.13.2.1}{\376\377\0005\000.\0001\0003\000.\0002\000.\0001\000\040\000B\000E\000E\000R\000\137\000W\000E\000I\000G\000H\000T}{subsection.5.13.2}% 148
\BOOKMARK [3][-]{subsubsection.5.13.2.2}{\376\377\0005\000.\0001\0003\000.\0002\000.\0002\000\040\000H\000X\0007\0001\0001\000\137\000D\000O\000U\000T}{subsection.5.13.2}% 149
\BOOKMARK [3][-]{subsubsection.5.13.2.3}{\376\377\0005\000.\0001\0003\000.\0002\000.\0003\000\040\000H\000X\0007\0001\0001\000\137\000S\000C\000K}{subsection.5.13.2}% 150
\BOOKMARK [3][-]{subsubsection.5.13.2.4}{\376\377\0005\000.\0001\0003\000.\0002\000.\0004\000\040\000S\000C\000A\000L\000E\000\137\000D\000E\000F\000A\000U\000L\000T\000\137\000S\000E\000T\000T\000L\000E\000\137\000T\000I\000M\000E\000\137\000M\000S}{subsection.5.13.2}% 151
\BOOKMARK [3][-]{subsubsection.5.13.2.5}{\376\377\0005\000.\0001\0003\000.\0002\000.\0005\000\040\000S\000C\000A\000L\000E\000\137\000T\000O\000L}{subsection.5.13.2}% 152
\BOOKMARK [2][-]{subsection.5.13.3}{\376\377\0005\000.\0001\0003\000.\0003\000\040\000F\000u\000n\000c\000t\000i\000o\000n\000\040\000D\000o\000c\000u\000m\000e\000n\000t\000a\000t\000i\000o\000n}{section.5.13}% 153
\BOOKMARK [3][-]{subsubsection.5.13.3.1}{\376\377\0005\000.\0001\0003\000.\0003\000.\0001\000\040\000g\000e\000t\000\137\000b\000e\000e\000r\000\137\000c\000a\000n\000s\000\137\000t\000a\000k\000e\000n\000\050\000\051}{subsection.5.13.3}% 154
\BOOKMARK [3][-]{subsubsection.5.13.3.2}{\376\377\0005\000.\0001\0003\000.\0003\000.\0002\000\040\000g\000e\000t\000\137\000w\000e\000i\000g\000h\000t\000\050\000\051}{subsection.5.13.3}% 155
\BOOKMARK [3][-]{subsubsection.5.13.3.3}{\376\377\0005\000.\0001\0003\000.\0003\000.\0003\000\040\000g\000e\000t\000\137\000w\000e\000i\000g\000h\000t\000\137\000r\000e\000f\000e\000r\000e\000n\000c\000e\000\050\000\051}{subsection.5.13.3}% 156
\BOOKMARK [3][-]{subsubsection.5.13.3.4}{\376\377\0005\000.\0001\0003\000.\0003\000.\0004\000\040\000r\000e\000s\000e\000t\000\137\000w\000e\000i\000g\000h\000t\000\137\000r\000e\000f\000e\000r\000e\000n\000c\000e\000\050\000\051}{subsection.5.13.3}% 157
\BOOKMARK [3][-]{subsubsection.5.13.3.5}{\376\377\0005\000.\0001\0003\000.\0003\000.\0005\000\040\000s\000e\000t\000\137\000w\000e\000i\000g\000h\000t\000\137\000r\000e\000f\000e\000r\000e\000n\000c\000e\000\050\000\051}{subsection.5.13.3}% 158
\BOOKMARK [3][-]{subsubsection.5.13.3.6}{\376\377\0005\000.\0001\0003\000.\0003\000.\0006\000\040\000s\000e\000t\000u\000p\000\137\000s\000c\000a\000l\000e\000\050\000\051}{subsection.5.13.3}% 159
\BOOKMARK [3][-]{subsubsection.5.13.3.7}{\376\377\0005\000.\0001\0003\000.\0003\000.\0007\000\040\000t\000a\000r\000e\000\137\000c\000o\000m\000p\000l\000e\000t\000e\000\050\000\051}{subsection.5.13.3}% 160
\BOOKMARK [3][-]{subsubsection.5.13.3.8}{\376\377\0005\000.\0001\0003\000.\0003\000.\0008\000\040\000t\000a\000r\000e\000\137\000s\000c\000a\000l\000e\000\050\000\051}{subsection.5.13.3}% 161
\BOOKMARK [3][-]{subsubsection.5.13.3.9}{\376\377\0005\000.\0001\0003\000.\0003\000.\0009\000\040\000u\000p\000d\000a\000t\000e\000\137\000s\000c\000a\000l\000e\000\050\000\051}{subsection.5.13.3}% 162
\BOOKMARK [3][-]{subsubsection.5.13.3.10}{\376\377\0005\000.\0001\0003\000.\0003\000.\0001\0000\000\040\000w\000e\000i\000g\000h\000t\000\137\000r\000e\000f\000e\000r\000e\000n\000c\000e\000\137\000i\000s\000\137\000s\000e\000t\000\050\000\051}{subsection.5.13.3}% 163
\BOOKMARK [2][-]{subsection.5.13.4}{\376\377\0005\000.\0001\0003\000.\0004\000\040\000V\000a\000r\000i\000a\000b\000l\000e\000\040\000D\000o\000c\000u\000m\000e\000n\000t\000a\000t\000i\000o\000n}{section.5.13}% 164
\BOOKMARK [3][-]{subsubsection.5.13.4.1}{\376\377\0005\000.\0001\0003\000.\0004\000.\0001\000\040\000s\000c\000a\000l\000e}{subsection.5.13.4}% 165
\BOOKMARK [1][-]{section.5.14}{\376\377\0005\000.\0001\0004\000\040\000R\000E\000A\000D\000M\000E\000.\000m\000d\000\040\000F\000i\000l\000e\000\040\000R\000e\000f\000e\000r\000e\000n\000c\000e}{chapter.5}% 166
\BOOKMARK [1][-]{section.5.15}{\376\377\0005\000.\0001\0005\000\040\000s\000r\000c\000/\000b\000u\000z\000z\000e\000r\000.\000c\000p\000p\000\040\000F\000i\000l\000e\000\040\000R\000e\000f\000e\000r\000e\000n\000c\000e}{chapter.5}% 167
\BOOKMARK [2][-]{subsection.5.15.1}{\376\377\0005\000.\0001\0005\000.\0001\000\040\000F\000u\000n\000c\000t\000i\000o\000n\000\040\000D\000o\000c\000u\000m\000e\000n\000t\000a\000t\000i\000o\000n}{section.5.15}% 168
\BOOKMARK [3][-]{subsubsection.5.15.1.1}{\376\377\0005\000.\0001\0005\000.\0001\000.\0001\000\040\000p\000l\000a\000y\000\137\000l\000o\000c\000k\000\050\000\051}{subsection.5.15.1}% 169
\BOOKMARK [3][-]{subsubsection.5.15.1.2}{\376\377\0005\000.\0001\0005\000.\0001\000.\0002\000\040\000p\000l\000a\000y\000\137\000u\000n\000l\000o\000c\000k\000\050\000\051}{subsection.5.15.1}% 170
\BOOKMARK [3][-]{subsubsection.5.15.1.3}{\376\377\0005\000.\0001\0005\000.\0001\000.\0003\000\040\000p\000l\000a\000y\000\137\000w\000a\000r\000n\000i\000n\000g\000\050\000\051}{subsection.5.15.1}% 171
\BOOKMARK [2][-]{subsection.5.15.2}{\376\377\0005\000.\0001\0005\000.\0002\000\040\000V\000a\000r\000i\000a\000b\000l\000e\000\040\000D\000o\000c\000u\000m\000e\000n\000t\000a\000t\000i\000o\000n}{section.5.15}% 172
\BOOKMARK [3][-]{subsubsection.5.15.2.1}{\376\377\0005\000.\0001\0005\000.\0002\000.\0001\000\040\000B\000U\000Z\000Z\000E\000R\000P\000I\000N}{subsection.5.15.2}% 173
\BOOKMARK [3][-]{subsubsection.5.15.2.2}{\376\377\0005\000.\0001\0005\000.\0002\000.\0002\000\040\000H\000I\000G\000H\000\137\000T\000O\000N\000E}{subsection.5.15.2}% 174
\BOOKMARK [3][-]{subsubsection.5.15.2.3}{\376\377\0005\000.\0001\0005\000.\0002\000.\0003\000\040\000L\000O\000W\000\137\000T\000O\000N\000E}{subsection.5.15.2}% 175
\BOOKMARK [3][-]{subsubsection.5.15.2.4}{\376\377\0005\000.\0001\0005\000.\0002\000.\0004\000\040\000T\000O\000N\000E\000\137\000L\000E\000N\000G\000T\000H}{subsection.5.15.2}% 176
\BOOKMARK [1][-]{section.5.16}{\376\377\0005\000.\0001\0006\000\040\000s\000r\000c\000/\000d\000a\000t\000a\000b\000a\000s\000e\000\137\000m\000a\000n\000a\000g\000e\000m\000e\000n\000t\000.\000c\000p\000p\000\040\000F\000i\000l\000e\000\040\000R\000e\000f\000e\000r\000e\000n\000c\000e}{chapter.5}% 177
\BOOKMARK [2][-]{subsection.5.16.1}{\376\377\0005\000.\0001\0006\000.\0001\000\040\000D\000e\000t\000a\000i\000l\000e\000d\000\040\000D\000e\000s\000c\000r\000i\000p\000t\000i\000o\000n}{section.5.16}% 178
\BOOKMARK [2][-]{subsection.5.16.2}{\376\377\0005\000.\0001\0006\000.\0002\000\040\000F\000u\000n\000c\000t\000i\000o\000n\000\040\000D\000o\000c\000u\000m\000e\000n\000t\000a\000t\000i\000o\000n}{section.5.16}% 179
\BOOKMARK [3][-]{subsubsection.5.16.2.1}{\376\377\0005\000.\0001\0006\000.\0002\000.\0001\000\040\000c\000o\000u\000n\000t\000\137\000r\000o\000o\000m\000s\000\050\000\051}{subsection.5.16.2}% 180
\BOOKMARK [3][-]{subsubsection.5.16.2.2}{\376\377\0005\000.\0001\0006\000.\0002\000.\0002\000\040\000f\000i\000n\000d\000\137\000e\000m\000p\000t\000y\000\137\000i\000n\000d\000e\000x\000\050\000\051}{subsection.5.16.2}% 181
\BOOKMARK [3][-]{subsubsection.5.16.2.3}{\376\377\0005\000.\0001\0006\000.\0002\000.\0003\000\040\000g\000e\000t\000\137\000u\000s\000e\000r\000s\000\137\000d\000b\000\050\000\051}{subsection.5.16.2}% 182
\BOOKMARK [3][-]{subsubsection.5.16.2.4}{\376\377\0005\000.\0001\0006\000.\0002\000.\0004\000\040\000p\000r\000i\000n\000t\000\137\000a\000l\000l\000\137\000u\000s\000e\000r\000s\000\050\000\051}{subsection.5.16.2}% 183
\BOOKMARK [3][-]{subsubsection.5.16.2.5}{\376\377\0005\000.\0001\0006\000.\0002\000.\0005\000\040\000p\000r\000i\000n\000t\000\137\000s\000i\000n\000g\000l\000e\000\137\000u\000s\000e\000r\000\050\000\051}{subsection.5.16.2}% 184
\BOOKMARK [3][-]{subsubsection.5.16.2.6}{\376\377\0005\000.\0001\0006\000.\0002\000.\0006\000\040\000p\000r\000i\000n\000t\000\137\000u\000i\000d\000\050\000\051}{subsection.5.16.2}% 185
\BOOKMARK [3][-]{subsubsection.5.16.2.7}{\376\377\0005\000.\0001\0006\000.\0002\000.\0007\000\040\000r\000e\000a\000d\000\137\000c\000o\000n\000f\000i\000r\000m\000a\000t\000i\000o\000n\000\050\000\051}{subsection.5.16.2}% 186
\BOOKMARK [3][-]{subsubsection.5.16.2.8}{\376\377\0005\000.\0001\0006\000.\0002\000.\0008\000\040\000r\000e\000a\000d\000\137\000i\000n\000t\000e\000g\000e\000r\000\050\000\051}{subsection.5.16.2}% 187
\BOOKMARK [3][-]{subsubsection.5.16.2.9}{\376\377\0005\000.\0001\0006\000.\0002\000.\0009\000\040\000r\000e\000m\000o\000v\000e\000\137\000u\000s\000e\000r\000\050\000\051}{subsection.5.16.2}% 188
\BOOKMARK [3][-]{subsubsection.5.16.2.10}{\376\377\0005\000.\0001\0006\000.\0002\000.\0001\0000\000\040\000u\000s\000e\000r\000\137\000m\000a\000n\000a\000g\000e\000m\000e\000n\000t\000\050\000\051}{subsection.5.16.2}% 189
\BOOKMARK [1][-]{section.5.17}{\376\377\0005\000.\0001\0007\000\040\000s\000r\000c\000/\000f\000r\000i\000d\000g\000e\000\137\000s\000t\000a\000t\000e\000.\000c\000p\000p\000\040\000F\000i\000l\000e\000\040\000R\000e\000f\000e\000r\000e\000n\000c\000e}{chapter.5}% 190
\BOOKMARK [2][-]{subsection.5.17.1}{\376\377\0005\000.\0001\0007\000.\0001\000\040\000D\000e\000t\000a\000i\000l\000e\000d\000\040\000D\000e\000s\000c\000r\000i\000p\000t\000i\000o\000n}{section.5.17}% 191
\BOOKMARK [2][-]{subsection.5.17.2}{\376\377\0005\000.\0001\0007\000.\0002\000\040\000V\000a\000r\000i\000a\000b\000l\000e\000\040\000D\000o\000c\000u\000m\000e\000n\000t\000a\000t\000i\000o\000n}{section.5.17}% 192
\BOOKMARK [3][-]{subsubsection.5.17.2.1}{\376\377\0005\000.\0001\0007\000.\0002\000.\0001\000\040\000f\000r\000i\000d\000g\000e}{subsection.5.17.2}% 193
\BOOKMARK [1][-]{section.5.18}{\376\377\0005\000.\0001\0008\000\040\000s\000r\000c\000/\000g\000r\000a\000p\000h\000\137\000d\000a\000t\000a\000.\000c\000p\000p\000\040\000F\000i\000l\000e\000\040\000R\000e\000f\000e\000r\000e\000n\000c\000e}{chapter.5}% 194
\BOOKMARK [2][-]{subsection.5.18.1}{\376\377\0005\000.\0001\0008\000.\0001\000\040\000F\000u\000n\000c\000t\000i\000o\000n\000\040\000D\000o\000c\000u\000m\000e\000n\000t\000a\000t\000i\000o\000n}{section.5.18}% 195
\BOOKMARK [3][-]{subsubsection.5.18.1.1}{\376\377\0005\000.\0001\0008\000.\0001\000.\0001\000\040\000g\000r\000a\000p\000h\000\137\000a\000d\000d\000\137\000t\000o\000\137\000r\000o\000o\000m\000\137\000c\000l\000a\000s\000i\000c\000\050\000\051}{subsection.5.18.1}% 196
\BOOKMARK [3][-]{subsubsection.5.18.1.2}{\376\377\0005\000.\0001\0008\000.\0001\000.\0002\000\040\000g\000r\000a\000p\000h\000\137\000a\000d\000d\000\137\000t\000o\000\137\000r\000o\000o\000m\000\137\000g\000r\000e\000e\000n\000\050\000\051}{subsection.5.18.1}% 197
\BOOKMARK [2][-]{subsection.5.18.2}{\376\377\0005\000.\0001\0008\000.\0002\000\040\000V\000a\000r\000i\000a\000b\000l\000e\000\040\000D\000o\000c\000u\000m\000e\000n\000t\000a\000t\000i\000o\000n}{section.5.18}% 198
\BOOKMARK [3][-]{subsubsection.5.18.2.1}{\376\377\0005\000.\0001\0008\000.\0002\000.\0001\000\040\000c\000l\000a\000s\000s\000i\000c\000H\000e\000i\000g\000h\000t}{subsection.5.18.2}% 199
\BOOKMARK [3][-]{subsubsection.5.18.2.2}{\376\377\0005\000.\0001\0008\000.\0002\000.\0002\000\040\000g\000r\000e\000e\000n\000H\000e\000i\000g\000h\000t}{subsection.5.18.2}% 200
\BOOKMARK [1][-]{section.5.19}{\376\377\0005\000.\0001\0009\000\040\000s\000r\000c\000/\000i\000n\000i\000t\000\137\000u\000s\000e\000r\000s\000\137\000a\000n\000d\000\137\000s\000a\000l\000e\000.\000c\000p\000p\000\040\000F\000i\000l\000e\000\040\000R\000e\000f\000e\000r\000e\000n\000c\000e}{chapter.5}% 201
\BOOKMARK [2][-]{subsection.5.19.1}{\376\377\0005\000.\0001\0009\000.\0001\000\040\000F\000u\000n\000c\000t\000i\000o\000n\000\040\000D\000o\000c\000u\000m\000e\000n\000t\000a\000t\000i\000o\000n}{section.5.19}% 202
\BOOKMARK [3][-]{subsubsection.5.19.1.1}{\376\377\0005\000.\0001\0009\000.\0001\000.\0001\000\040\000i\000n\000i\000t\000\137\000u\000s\000e\000r\000s\000\137\000a\000n\000d\000\137\000p\000r\000o\000d\000u\000c\000t\000s\000\050\000\051}{subsection.5.19.1}% 203
\BOOKMARK [3][-]{subsubsection.5.19.1.2}{\376\377\0005\000.\0001\0009\000.\0001\000.\0002\000\040\000p\000e\000r\000f\000o\000r\000m\000\137\000s\000a\000l\000e\000\050\000\051}{subsection.5.19.1}% 204
\BOOKMARK [3][-]{subsubsection.5.19.1.3}{\376\377\0005\000.\0001\0009\000.\0001\000.\0003\000\040\000r\000e\000a\000d\000\137\000c\000u\000r\000r\000e\000n\000t\000\137\000w\000e\000i\000g\000h\000t\000\137\000b\000l\000o\000c\000k\000i\000n\000g\000\050\000\051}{subsection.5.19.1}% 205
\BOOKMARK [1][-]{section.5.20}{\376\377\0005\000.\0002\0000\000\040\000s\000r\000c\000/\000i\000n\000v\000e\000n\000t\000o\000r\000y\000.\000c\000p\000p\000\040\000F\000i\000l\000e\000\040\000R\000e\000f\000e\000r\000e\000n\000c\000e}{chapter.5}% 206
\BOOKMARK [2][-]{subsection.5.20.1}{\376\377\0005\000.\0002\0000\000.\0001\000\040\000D\000e\000t\000a\000i\000l\000e\000d\000\040\000D\000e\000s\000c\000r\000i\000p\000t\000i\000o\000n}{section.5.20}% 207
\BOOKMARK [2][-]{subsection.5.20.2}{\376\377\0005\000.\0002\0000\000.\0002\000\040\000F\000u\000n\000c\000t\000i\000o\000n\000\040\000D\000o\000c\000u\000m\000e\000n\000t\000a\000t\000i\000o\000n}{section.5.20}% 208
\BOOKMARK [3][-]{subsubsection.5.20.2.1}{\376\377\0005\000.\0002\0000\000.\0002\000.\0001\000\040\000i\000n\000v\000e\000n\000t\000o\000r\000y\000\137\000a\000d\000d\000\137\000b\000e\000v\000e\000r\000a\000g\000e\000\050\000\051}{subsection.5.20.2}% 209
\BOOKMARK [3][-]{subsubsection.5.20.2.2}{\376\377\0005\000.\0002\0000\000.\0002\000.\0002\000\040\000i\000n\000v\000e\000n\000t\000o\000r\000y\000\137\000a\000d\000d\000\137\000p\000r\000o\000d\000u\000c\000t\000\050\000\051}{subsection.5.20.2}% 210
\BOOKMARK [3][-]{subsubsection.5.20.2.3}{\376\377\0005\000.\0002\0000\000.\0002\000.\0003\000\040\000i\000n\000v\000e\000n\000t\000o\000r\000y\000\137\000i\000n\000i\000t\000\050\000\051}{subsection.5.20.2}% 211
\BOOKMARK [3][-]{subsubsection.5.20.2.4}{\376\377\0005\000.\0002\0000\000.\0002\000.\0004\000\040\000i\000n\000v\000e\000n\000t\000o\000r\000y\000\137\000m\000a\000k\000e\000\137\000p\000r\000o\000d\000u\000c\000t\000\050\000\051}{subsection.5.20.2}% 212
\BOOKMARK [3][-]{subsubsection.5.20.2.5}{\376\377\0005\000.\0002\0000\000.\0002\000.\0005\000\040\000i\000n\000v\000e\000n\000t\000o\000r\000y\000\137\000p\000r\000i\000n\000t\000\050\000\051}{subsection.5.20.2}% 213
\BOOKMARK [3][-]{subsubsection.5.20.2.6}{\376\377\0005\000.\0002\0000\000.\0002\000.\0006\000\040\000i\000n\000v\000e\000n\000t\000o\000r\000y\000\137\000r\000e\000m\000o\000v\000e\000\137\000b\000e\000v\000e\000r\000a\000g\000e\000\050\000\051}{subsection.5.20.2}% 214
\BOOKMARK [3][-]{subsubsection.5.20.2.7}{\376\377\0005\000.\0002\0000\000.\0002\000.\0007\000\040\000i\000n\000v\000e\000n\000t\000o\000r\000y\000\137\000r\000e\000m\000o\000v\000e\000\137\000p\000r\000o\000d\000u\000c\000t\000\050\000\051}{subsection.5.20.2}% 215
\BOOKMARK [1][-]{section.5.21}{\376\377\0005\000.\0002\0001\000\040\000s\000r\000c\000/\000l\000o\000c\000k\000\137\000c\000t\000r\000l\000.\000c\000p\000p\000\040\000F\000i\000l\000e\000\040\000R\000e\000f\000e\000r\000e\000n\000c\000e}{chapter.5}% 216
\BOOKMARK [2][-]{subsection.5.21.1}{\376\377\0005\000.\0002\0001\000.\0001\000\040\000D\000e\000t\000a\000i\000l\000e\000d\000\040\000D\000e\000s\000c\000r\000i\000p\000t\000i\000o\000n}{section.5.21}% 217
\BOOKMARK [2][-]{subsection.5.21.2}{\376\377\0005\000.\0002\0001\000.\0002\000\040\000F\000u\000n\000c\000t\000i\000o\000n\000\040\000D\000o\000c\000u\000m\000e\000n\000t\000a\000t\000i\000o\000n}{section.5.21}% 218
\BOOKMARK [3][-]{subsubsection.5.21.2.1}{\376\377\0005\000.\0002\0001\000.\0002\000.\0001\000\040\000i\000s\000\137\000b\000o\000x\000\137\000c\000l\000o\000s\000e\000d\000\050\000\051}{subsection.5.21.2}% 219
\BOOKMARK [3][-]{subsubsection.5.21.2.2}{\376\377\0005\000.\0002\0001\000.\0002\000.\0002\000\040\000l\000o\000c\000k\000\137\000c\000t\000r\000l\000\137\000i\000n\000i\000t\000\050\000\051}{subsection.5.21.2}% 220
\BOOKMARK [3][-]{subsubsection.5.21.2.3}{\376\377\0005\000.\0002\0001\000.\0002\000.\0003\000\040\000l\000o\000c\000k\000\137\000d\000o\000o\000r\000\050\000\051}{subsection.5.21.2}% 221
\BOOKMARK [3][-]{subsubsection.5.21.2.4}{\376\377\0005\000.\0002\0001\000.\0002\000.\0004\000\040\000p\000l\000a\000y\000\137\000c\000l\000o\000s\000e\000\050\000\051}{subsection.5.21.2}% 222
\BOOKMARK [3][-]{subsubsection.5.21.2.5}{\376\377\0005\000.\0002\0001\000.\0002\000.\0005\000\040\000p\000l\000a\000y\000\137\000o\000p\000e\000n\000\050\000\051}{subsection.5.21.2}% 223
\BOOKMARK [3][-]{subsubsection.5.21.2.6}{\376\377\0005\000.\0002\0001\000.\0002\000.\0006\000\040\000u\000n\000l\000o\000c\000k\000\137\000d\000o\000o\000r\000\050\000\051}{subsection.5.21.2}% 224
\BOOKMARK [2][-]{subsection.5.21.3}{\376\377\0005\000.\0002\0001\000.\0003\000\040\000V\000a\000r\000i\000a\000b\000l\000e\000\040\000D\000o\000c\000u\000m\000e\000n\000t\000a\000t\000i\000o\000n}{section.5.21}% 225
\BOOKMARK [3][-]{subsubsection.5.21.3.1}{\376\377\0005\000.\0002\0001\000.\0003\000.\0001\000\040\000b\000o\000x\000C\000l\000o\000s\000e\000d}{subsection.5.21.3}% 226
\BOOKMARK [3][-]{subsubsection.5.21.3.2}{\376\377\0005\000.\0002\0001\000.\0003\000.\0002\000\040\000B\000U\000Z\000Z\000E\000R}{subsection.5.21.3}% 227
\BOOKMARK [3][-]{subsubsection.5.21.3.3}{\376\377\0005\000.\0002\0001\000.\0003\000.\0003\000\040\000H\000I\000G\000H\000\137\000T\000O\000N\000E}{subsection.5.21.3}% 228
\BOOKMARK [3][-]{subsubsection.5.21.3.4}{\376\377\0005\000.\0002\0001\000.\0003\000.\0004\000\040\000L\000O\000C\000K\000\137\000P\000O\000S}{subsection.5.21.3}% 229
\BOOKMARK [3][-]{subsubsection.5.21.3.5}{\376\377\0005\000.\0002\0001\000.\0003\000.\0005\000\040\000l\000o\000c\000k\000S\000e\000r\000v\000o}{subsection.5.21.3}% 230
\BOOKMARK [3][-]{subsubsection.5.21.3.6}{\376\377\0005\000.\0002\0001\000.\0003\000.\0006\000\040\000L\000O\000W\000\137\000T\000O\000N\000E}{subsection.5.21.3}% 231
\BOOKMARK [3][-]{subsubsection.5.21.3.7}{\376\377\0005\000.\0002\0001\000.\0003\000.\0007\000\040\000T\000O\000N\000E\000\137\000L\000E\000N\000G\000T\000H}{subsection.5.21.3}% 232
\BOOKMARK [3][-]{subsubsection.5.21.3.8}{\376\377\0005\000.\0002\0001\000.\0003\000.\0008\000\040\000U\000N\000L\000O\000C\000K\000\137\000P\000O\000S}{subsection.5.21.3}% 233
\BOOKMARK [1][-]{section.5.22}{\376\377\0005\000.\0002\0002\000\040\000s\000r\000c\000/\000m\000a\000i\000n\000.\000c\000p\000p\000\040\000F\000i\000l\000e\000\040\000R\000e\000f\000e\000r\000e\000n\000c\000e}{chapter.5}% 234
\BOOKMARK [2][-]{subsection.5.22.1}{\376\377\0005\000.\0002\0002\000.\0001\000\040\000D\000e\000t\000a\000i\000l\000e\000d\000\040\000D\000e\000s\000c\000r\000i\000p\000t\000i\000o\000n}{section.5.22}% 235
\BOOKMARK [2][-]{subsection.5.22.2}{\376\377\0005\000.\0002\0002\000.\0002\000\040\000F\000u\000n\000c\000t\000i\000o\000n\000\040\000D\000o\000c\000u\000m\000e\000n\000t\000a\000t\000i\000o\000n}{section.5.22}% 236
\BOOKMARK [3][-]{subsubsection.5.22.2.1}{\376\377\0005\000.\0002\0002\000.\0002\000.\0001\000\040\000c\000o\000n\000n\000e\000c\000t\000\137\000w\000i\000f\000i\000\137\000a\000n\000d\000\137\000s\000t\000a\000r\000t\000\137\000m\000d\000n\000s\000\050\000\051}{subsection.5.22.2}% 237
\BOOKMARK [3][-]{subsubsection.5.22.2.2}{\376\377\0005\000.\0002\0002\000.\0002\000.\0002\000\040\000l\000o\000o\000p\000\050\000\051}{subsection.5.22.2}% 238
\BOOKMARK [3][-]{subsubsection.5.22.2.3}{\376\377\0005\000.\0002\0002\000.\0002\000.\0003\000\040\000p\000r\000i\000n\000t\000\137\000g\000r\000a\000p\000h\000\137\000a\000r\000r\000a\000y\000s\000\050\000\051}{subsection.5.22.2}% 239
\BOOKMARK [3][-]{subsubsection.5.22.2.4}{\376\377\0005\000.\0002\0002\000.\0002\000.\0004\000\040\000r\000f\000i\000d\000\050\000\051}{subsection.5.22.2}% 240
\BOOKMARK [3][-]{subsubsection.5.22.2.5}{\376\377\0005\000.\0002\0002\000.\0002\000.\0005\000\040\000s\000e\000r\000v\000e\000r\000\050\000\051}{subsection.5.22.2}% 241
\BOOKMARK [3][-]{subsubsection.5.22.2.6}{\376\377\0005\000.\0002\0002\000.\0002\000.\0006\000\040\000s\000e\000t\000u\000p\000\050\000\051}{subsection.5.22.2}% 242
\BOOKMARK [3][-]{subsubsection.5.22.2.7}{\376\377\0005\000.\0002\0002\000.\0002\000.\0007\000\040\000s\000e\000t\000u\000p\000\137\000i\000n\000v\000e\000n\000t\000o\000r\000y\000\137\000a\000n\000d\000\137\000s\000c\000a\000l\000e\000\050\000\051}{subsection.5.22.2}% 243
\BOOKMARK [3][-]{subsubsection.5.22.2.8}{\376\377\0005\000.\0002\0002\000.\0002\000.\0008\000\040\000s\000e\000t\000u\000p\000\137\000r\000f\000i\000d\000\137\000a\000n\000d\000\137\000l\000o\000c\000k\000\050\000\051}{subsection.5.22.2}% 244
\BOOKMARK [3][-]{subsubsection.5.22.2.9}{\376\377\0005\000.\0002\0002\000.\0002\000.\0009\000\040\000s\000e\000t\000u\000p\000\137\000w\000e\000b\000\137\000r\000o\000u\000t\000e\000s\000\050\000\051}{subsection.5.22.2}% 245
\BOOKMARK [2][-]{subsection.5.22.3}{\376\377\0005\000.\0002\0002\000.\0003\000\040\000V\000a\000r\000i\000a\000b\000l\000e\000\040\000D\000o\000c\000u\000m\000e\000n\000t\000a\000t\000i\000o\000n}{section.5.22}% 246
\BOOKMARK [3][-]{subsubsection.5.22.3.1}{\376\377\0005\000.\0002\0002\000.\0003\000.\0001\000\040\000a\000c\000t\000i\000v\000e\000C\000o\000m\000m\000a\000n\000d}{subsection.5.22.3}% 247
\BOOKMARK [3][-]{subsubsection.5.22.3.2}{\376\377\0005\000.\0002\0002\000.\0003\000.\0002\000\040\000C\000A\000L\000\137\000F\000A\000C\000T\000O\000R}{subsection.5.22.3}% 248
\BOOKMARK [3][-]{subsubsection.5.22.3.3}{\376\377\0005\000.\0002\0002\000.\0003\000.\0003\000\040\000c\000l\000a\000s\000s\000i\000c\000H\000e\000i\000g\000h\000t}{subsection.5.22.3}% 249
\BOOKMARK [3][-]{subsubsection.5.22.3.4}{\376\377\0005\000.\0002\0002\000.\0003\000.\0004\000\040\000d\000e\000m\000o\000\137\000b\000e\000e\000r}{subsection.5.22.3}% 250
\BOOKMARK [3][-]{subsubsection.5.22.3.5}{\376\377\0005\000.\0002\0002\000.\0003\000.\0005\000\040\000d\000o\000o\000r\000C\000l\000o\000s\000e\000T\000i\000m\000e\000r}{subsection.5.22.3}% 251
\BOOKMARK [3][-]{subsubsection.5.22.3.6}{\376\377\0005\000.\0002\0002\000.\0003\000.\0006\000\040\000d\000o\000o\000r\000U\000n\000l\000o\000c\000k\000e\000d}{subsection.5.22.3}% 252
\BOOKMARK [3][-]{subsubsection.5.22.3.7}{\376\377\0005\000.\0002\0002\000.\0003\000.\0007\000\040\000g\000r\000e\000e\000n\000H\000e\000i\000g\000h\000t}{subsection.5.22.3}% 253
\BOOKMARK [3][-]{subsubsection.5.22.3.8}{\376\377\0005\000.\0002\0002\000.\0003\000.\0008\000\040\000S\000T\000A\000R\000T\000\137\000B\000E\000E\000R\000\137\000Q\000T\000Y}{subsection.5.22.3}% 254
\BOOKMARK [3][-]{subsubsection.5.22.3.9}{\376\377\0005\000.\0002\0002\000.\0003\000.\0009\000\040\000W\000I\000F\000I\000\137\000P\000A\000S\000S}{subsection.5.22.3}% 255
\BOOKMARK [3][-]{subsubsection.5.22.3.10}{\376\377\0005\000.\0002\0002\000.\0003\000.\0001\0000\000\040\000W\000I\000F\000I\000\137\000S\000S\000I\000D}{subsection.5.22.3}% 256
\BOOKMARK [1][-]{section.5.23}{\376\377\0005\000.\0002\0003\000\040\000s\000r\000c\000/\000r\000f\000i\000d\000\137\000a\000c\000c\000e\000s\000s\000.\000c\000p\000p\000\040\000F\000i\000l\000e\000\040\000R\000e\000f\000e\000r\000e\000n\000c\000e}{chapter.5}% 257
\BOOKMARK [2][-]{subsection.5.23.1}{\376\377\0005\000.\0002\0003\000.\0001\000\040\000D\000e\000t\000a\000i\000l\000e\000d\000\040\000D\000e\000s\000c\000r\000i\000p\000t\000i\000o\000n}{section.5.23}% 258
\BOOKMARK [2][-]{subsection.5.23.2}{\376\377\0005\000.\0002\0003\000.\0002\000\040\000F\000u\000n\000c\000t\000i\000o\000n\000\040\000D\000o\000c\000u\000m\000e\000n\000t\000a\000t\000i\000o\000n}{section.5.23}% 259
\BOOKMARK [3][-]{subsubsection.5.23.2.1}{\376\377\0005\000.\0002\0003\000.\0002\000.\0001\000\040\000a\000d\000d\000\137\000u\000s\000e\000r\000\050\000\051}{subsection.5.23.2}% 260
\BOOKMARK [3][-]{subsubsection.5.23.2.2}{\376\377\0005\000.\0002\0003\000.\0002\000.\0002\000\040\000c\000h\000e\000c\000k\000\137\000c\000o\000m\000m\000a\000n\000d\000\050\000\051}{subsection.5.23.2}% 261
\BOOKMARK [3][-]{subsubsection.5.23.2.3}{\376\377\0005\000.\0002\0003\000.\0002\000.\0003\000\040\000c\000o\000m\000p\000a\000r\000e\000\137\000U\000I\000D\000\050\000\051}{subsection.5.23.2}% 262
\BOOKMARK [3][-]{subsubsection.5.23.2.4}{\376\377\0005\000.\0002\0003\000.\0002\000.\0004\000\040\000d\000i\000s\000p\000l\000a\000y\000\137\000c\000o\000m\000m\000a\000n\000d\000s\000\050\000\051}{subsection.5.23.2}% 263
\BOOKMARK [3][-]{subsubsection.5.23.2.5}{\376\377\0005\000.\0002\0003\000.\0002\000.\0005\000\040\000d\000i\000s\000p\000l\000a\000y\000\137\000c\000o\000m\000m\000a\000n\000d\000s\000\137\000u\000m\000\050\000\051}{subsection.5.23.2}% 264
\BOOKMARK [3][-]{subsubsection.5.23.2.6}{\376\377\0005\000.\0002\0003\000.\0002\000.\0006\000\040\000r\000e\000a\000d\000\137\000R\000F\000I\000D\000\137\000t\000a\000g\000\050\000\051}{subsection.5.23.2}% 265
\BOOKMARK [3][-]{subsubsection.5.23.2.7}{\376\377\0005\000.\0002\0003\000.\0002\000.\0007\000\040\000r\000f\000i\000d\000\137\000g\000e\000t\000\137\000l\000a\000s\000t\000\137\000u\000i\000d\000\050\000\051}{subsection.5.23.2}% 266
\BOOKMARK [3][-]{subsubsection.5.23.2.8}{\376\377\0005\000.\0002\0003\000.\0002\000.\0008\000\040\000r\000f\000i\000d\000\137\000s\000e\000t\000\137\000l\000a\000s\000t\000\137\000u\000i\000d\000\050\000\051}{subsection.5.23.2}% 267
\BOOKMARK [3][-]{subsubsection.5.23.2.9}{\376\377\0005\000.\0002\0003\000.\0002\000.\0009\000\040\000s\000e\000t\000u\000p\000\137\000R\000F\000I\000D\000\137\000r\000e\000a\000d\000e\000r\000\050\000\051}{subsection.5.23.2}% 268
\BOOKMARK [3][-]{subsubsection.5.23.2.10}{\376\377\0005\000.\0002\0003\000.\0002\000.\0001\0000\000\040\000v\000a\000l\000i\000d\000a\000t\000e\000\137\000r\000f\000i\000d\000\050\000\051}{subsection.5.23.2}% 269
\BOOKMARK [2][-]{subsection.5.23.3}{\376\377\0005\000.\0002\0003\000.\0003\000\040\000V\000a\000r\000i\000a\000b\000l\000e\000\040\000D\000o\000c\000u\000m\000e\000n\000t\000a\000t\000i\000o\000n}{section.5.23}% 270
\BOOKMARK [3][-]{subsubsection.5.23.3.1}{\376\377\0005\000.\0002\0003\000.\0003\000.\0001\000\040\000h\000a\000s\000U\000I\000D}{subsection.5.23.3}% 271
\BOOKMARK [3][-]{subsubsection.5.23.3.2}{\376\377\0005\000.\0002\0003\000.\0003\000.\0002\000\040\000l\000a\000s\000t\000U\000I\000D}{subsection.5.23.3}% 272
\BOOKMARK [3][-]{subsubsection.5.23.3.3}{\376\377\0005\000.\0002\0003\000.\0003\000.\0003\000\040\000u\000s\000e\000r\000C\000o\000u\000n\000t}{subsection.5.23.3}% 273
\BOOKMARK [3][-]{subsubsection.5.23.3.4}{\376\377\0005\000.\0002\0003\000.\0003\000.\0004\000\040\000u\000s\000e\000r\000s}{subsection.5.23.3}% 274
\BOOKMARK [1][-]{section.5.24}{\376\377\0005\000.\0002\0004\000\040\000s\000r\000c\000/\000s\000a\000l\000e\000\137\000h\000t\000m\000l\000.\000c\000p\000p\000\040\000F\000i\000l\000e\000\040\000R\000e\000f\000e\000r\000e\000n\000c\000e}{chapter.5}% 275
\BOOKMARK [2][-]{subsection.5.24.1}{\376\377\0005\000.\0002\0004\000.\0001\000\040\000D\000e\000t\000a\000i\000l\000e\000d\000\040\000D\000e\000s\000c\000r\000i\000p\000t\000i\000o\000n}{section.5.24}% 276
\BOOKMARK [2][-]{subsection.5.24.2}{\376\377\0005\000.\0002\0004\000.\0002\000\040\000F\000u\000n\000c\000t\000i\000o\000n\000\040\000D\000o\000c\000u\000m\000e\000n\000t\000a\000t\000i\000o\000n}{section.5.24}% 277
\BOOKMARK [3][-]{subsubsection.5.24.2.1}{\376\377\0005\000.\0002\0004\000.\0002\000.\0001\000\040\000s\000e\000n\000d\000\137\000s\000a\000l\000e\000\137\000h\000t\000m\000l\000\137\000g\000r\000a\000p\000h\000\050\000\051}{subsection.5.24.2}% 278
\BOOKMARK [3][-]{subsubsection.5.24.2.2}{\376\377\0005\000.\0002\0004\000.\0002\000.\0002\000\040\000s\000e\000n\000d\000\137\000s\000a\000l\000e\000\137\000h\000t\000m\000l\000\137\000p\000a\000g\000e\000\050\000\051}{subsection.5.24.2}% 279
\BOOKMARK [2][-]{subsection.5.24.3}{\376\377\0005\000.\0002\0004\000.\0003\000\040\000V\000a\000r\000i\000a\000b\000l\000e\000\040\000D\000o\000c\000u\000m\000e\000n\000t\000a\000t\000i\000o\000n}{section.5.24}% 280
\BOOKMARK [3][-]{subsubsection.5.24.3.1}{\376\377\0005\000.\0002\0004\000.\0003\000.\0001\000\040\000P\000R\000O\000G\000M\000E\000M}{subsection.5.24.3}% 281
\BOOKMARK [1][-]{section.5.25}{\376\377\0005\000.\0002\0005\000\040\000s\000r\000c\000/\000w\000e\000i\000g\000h\000t\000\137\000s\000c\000a\000l\000e\000.\000c\000p\000p\000\040\000F\000i\000l\000e\000\040\000R\000e\000f\000e\000r\000e\000n\000c\000e}{chapter.5}% 282
\BOOKMARK [2][-]{subsection.5.25.1}{\376\377\0005\000.\0002\0005\000.\0001\000\040\000D\000e\000t\000a\000i\000l\000e\000d\000\040\000D\000e\000s\000c\000r\000i\000p\000t\000i\000o\000n}{section.5.25}% 283
\BOOKMARK [2][-]{subsection.5.25.2}{\376\377\0005\000.\0002\0005\000.\0002\000\040\000F\000u\000n\000c\000t\000i\000o\000n\000\040\000D\000o\000c\000u\000m\000e\000n\000t\000a\000t\000i\000o\000n}{section.5.25}% 284
\BOOKMARK [3][-]{subsubsection.5.25.2.1}{\376\377\0005\000.\0002\0005\000.\0002\000.\0001\000\040\000g\000e\000t\000\137\000b\000e\000e\000r\000\137\000c\000a\000n\000s\000\137\000t\000a\000k\000e\000n\000\050\000\051}{subsection.5.25.2}% 285
\BOOKMARK [3][-]{subsubsection.5.25.2.2}{\376\377\0005\000.\0002\0005\000.\0002\000.\0002\000\040\000g\000e\000t\000\137\000w\000e\000i\000g\000h\000t\000\050\000\051}{subsection.5.25.2}% 286
\BOOKMARK [3][-]{subsubsection.5.25.2.3}{\376\377\0005\000.\0002\0005\000.\0002\000.\0003\000\040\000g\000e\000t\000\137\000w\000e\000i\000g\000h\000t\000\137\000r\000e\000f\000e\000r\000e\000n\000c\000e\000\050\000\051}{subsection.5.25.2}% 287
\BOOKMARK [3][-]{subsubsection.5.25.2.4}{\376\377\0005\000.\0002\0005\000.\0002\000.\0004\000\040\000r\000e\000s\000e\000t\000\137\000w\000e\000i\000g\000h\000t\000\137\000r\000e\000f\000e\000r\000e\000n\000c\000e\000\050\000\051}{subsection.5.25.2}% 288
\BOOKMARK [3][-]{subsubsection.5.25.2.5}{\376\377\0005\000.\0002\0005\000.\0002\000.\0005\000\040\000s\000c\000a\000l\000e\000\050\000\051}{subsection.5.25.2}% 289
\BOOKMARK [3][-]{subsubsection.5.25.2.6}{\376\377\0005\000.\0002\0005\000.\0002\000.\0006\000\040\000s\000e\000t\000\137\000w\000e\000i\000g\000h\000t\000\137\000r\000e\000f\000e\000r\000e\000n\000c\000e\000\050\000\051}{subsection.5.25.2}% 290
\BOOKMARK [3][-]{subsubsection.5.25.2.7}{\376\377\0005\000.\0002\0005\000.\0002\000.\0007\000\040\000s\000e\000t\000u\000p\000\137\000s\000c\000a\000l\000e\000\050\000\051}{subsection.5.25.2}% 291
\BOOKMARK [3][-]{subsubsection.5.25.2.8}{\376\377\0005\000.\0002\0005\000.\0002\000.\0008\000\040\000t\000a\000r\000e\000\137\000c\000o\000m\000p\000l\000e\000t\000e\000\050\000\051}{subsection.5.25.2}% 292
\BOOKMARK [3][-]{subsubsection.5.25.2.9}{\376\377\0005\000.\0002\0005\000.\0002\000.\0009\000\040\000t\000a\000r\000e\000\137\000s\000c\000a\000l\000e\000\050\000\051}{subsection.5.25.2}% 293
\BOOKMARK [3][-]{subsubsection.5.25.2.10}{\376\377\0005\000.\0002\0005\000.\0002\000.\0001\0000\000\040\000u\000p\000d\000a\000t\000e\000\137\000s\000c\000a\000l\000e\000\050\000\051}{subsection.5.25.2}% 294
\BOOKMARK [3][-]{subsubsection.5.25.2.11}{\376\377\0005\000.\0002\0005\000.\0002\000.\0001\0001\000\040\000w\000e\000i\000g\000h\000t\000\137\000r\000e\000f\000e\000r\000e\000n\000c\000e\000\137\000i\000s\000\137\000s\000e\000t\000\050\000\051}{subsection.5.25.2}% 295
\BOOKMARK [2][-]{subsection.5.25.3}{\376\377\0005\000.\0002\0005\000.\0003\000\040\000V\000a\000r\000i\000a\000b\000l\000e\000\040\000D\000o\000c\000u\000m\000e\000n\000t\000a\000t\000i\000o\000n}{section.5.25}% 296
\BOOKMARK [3][-]{subsubsection.5.25.3.1}{\376\377\0005\000.\0002\0005\000.\0003\000.\0001\000\040\000g\000\137\000r\000e\000f\000e\000r\000e\000n\000c\000e\000W\000e\000i\000g\000h\000t}{subsection.5.25.3}% 297
\BOOKMARK [0][-]{section*.87}{\376\377\000I\000n\000d\000e\000x}{}% 298
